<?xml version="1.0" encoding="UTF-8"?>
<!-- Generated by org.testng.reporters.JUnitXMLReporter -->
<testsuite hostname="Ankit-PC" ignored="0" name="Example Test Case" tests="2" failures="2" timestamp="19 Aug 2018 07:39:29 GMT" time="32.804" errors="0">
  <testcase name="TestCase" time="0.141" classname="featureSpecific.MainToExecuteActions">
    <failure type="java.util.regex.PatternSyntaxException" message="Unclosed group near index 14
CreateElemant(">
      <![CDATA[java.util.regex.PatternSyntaxException: Unclosed group near index 14
CreateElemant(
	at java.util.regex.Pattern.error(Unknown Source)
	at java.util.regex.Pattern.accept(Unknown Source)
	at java.util.regex.Pattern.group0(Unknown Source)
	at java.util.regex.Pattern.sequence(Unknown Source)
	at java.util.regex.Pattern.expr(Unknown Source)
	at java.util.regex.Pattern.compile(Unknown Source)
	at java.util.regex.Pattern.<init>(Unknown Source)
	at java.util.regex.Pattern.compile(Unknown Source)
	at java.lang.String.replaceAll(Unknown Source)
	at baseclasses.ByElement.webElement(ByElement.java:22)
	at baseclasses.ByElement.SendKeysTo(ByElement.java:82)
	at featureSpecific.MethodFactory.methods(MethodFactory.java:25)
	at featureSpecific.MainToExecuteActions.TestCase(MainToExecuteActions.java:156)
... Removed 25 stack frames]]>
    </failure>
  </testcase> <!-- TestCase -->
  <testcase name="TestCase" time="0.096" classname="featureSpecific.MainToExecuteActions">
    <failure type="java.util.regex.PatternSyntaxException" message="Unclosed group near index 14
CreateElemant(">
      <![CDATA[java.util.regex.PatternSyntaxException: Unclosed group near index 14
CreateElemant(
	at java.util.regex.Pattern.error(Unknown Source)
	at java.util.regex.Pattern.accept(Unknown Source)
	at java.util.regex.Pattern.group0(Unknown Source)
	at java.util.regex.Pattern.sequence(Unknown Source)
	at java.util.regex.Pattern.expr(Unknown Source)
	at java.util.regex.Pattern.compile(Unknown Source)
	at java.util.regex.Pattern.<init>(Unknown Source)
	at java.util.regex.Pattern.compile(Unknown Source)
	at java.lang.String.replaceAll(Unknown Source)
	at baseclasses.ByElement.webElement(ByElement.java:22)
	at baseclasses.ByElement.SendKeysTo(ByElement.java:82)
	at featureSpecific.MethodFactory.methods(MethodFactory.java:25)
	at featureSpecific.MainToExecuteActions.TestCase(MainToExecuteActions.java:156)
... Removed 25 stack frames]]>
    </failure>
  </testcase> <!-- TestCase -->
</testsuite> <!-- Example Test Case -->
